2025-03-30 02:26:07,753 - AKToolsLog - INFO - 这是一个信息级别的日志消息
2025-03-30 02:26:11,347 - AKToolsLog - INFO - 获取到 stock_zh_a_spot_em 的数据
2025-03-30 02:56:30,073 - AKToolsLog - INFO - 这是一个信息级别的日志消息
2025-03-30 02:56:30,994 - AKToolsLog - INFO - 获取到 stock_zh_a_spot_em 的数据
2025-03-30 02:56:36,367 - AKToolsLog - INFO - 获取到 stock_zh_a_hist 的数据
2025-03-30 02:56:47,337 - AKToolsLog - INFO - 获取到 stock_zh_a_hist 的数据
2025-03-30 02:57:23,552 - AKToolsLog - INFO - 获取到 stock_zh_a_spot_em 的数据
2025-03-30 02:57:32,783 - AKToolsLog - INFO - 获取到 stock_zh_a_hist 的数据
2025-03-30 02:57:59,802 - AKToolsLog - INFO - 获取到 stock_zh_a_spot_em 的数据
2025-03-30 02:58:03,681 - AKToolsLog - INFO - 获取到 stock_zh_a_hist 的数据
2025-03-30 02:58:24,263 - AKToolsLog - INFO - 获取到 stock_zh_a_hist 的数据
2025-03-30 03:13:59,854 - AKToolsLog - INFO - 这是一个信息级别的日志消息
2025-03-30 03:14:03,294 - AKToolsLog - INFO - 获取到 stock_zh_a_spot_em 的数据
2025-03-30 03:14:07,679 - AKToolsLog - INFO - 获取到 stock_zh_a_hist 的数据
2025-03-30 03:14:07,888 - AKToolsLog - INFO - 获取到 stock_individual_info_em 的数据
2025-03-30 03:14:08,479 - AKToolsLog - INFO - 获取到 stock_zh_a_spot_em 的数据
2025-03-30 03:14:31,163 - AKToolsLog - INFO - 获取到 stock_zh_a_hist 的数据
2025-03-30 03:14:31,410 - AKToolsLog - INFO - 获取到 stock_individual_info_em 的数据
2025-03-30 03:14:32,011 - AKToolsLog - INFO - 获取到 stock_zh_a_spot_em 的数据
2025-03-30 03:40:36,926 - AKToolsLog - INFO - 这是一个信息级别的日志消息
2025-03-30 03:40:40,258 - AKToolsLog - INFO - 获取到 stock_zh_a_spot_em 的数据
2025-03-30 03:40:43,562 - AKToolsLog - INFO - 获取到 stock_zh_a_hist 的数据
2025-03-30 03:40:43,724 - AKToolsLog - INFO - 获取到 stock_individual_info_em 的数据
2025-03-30 03:40:44,244 - AKToolsLog - INFO - 获取到 stock_zh_a_spot_em 的数据
2025-03-30 03:41:26,167 - AKToolsLog - INFO - 获取到 stock_hsgt_stock_statistics_em 的数据
2025-03-30 03:41:27,975 - AKToolsLog - INFO - 获取到 stock_financial_analysis_indicator 的数据
2025-03-30 03:41:28,010 - AKToolsLog - INFO - 请输入正确的参数错误 'zygcfx'，请升级 AKShare 到最新版本并在文档中确认该接口的使用方式：https://akshare.akfamily.xyz
2025-03-30 03:41:28,134 - AKToolsLog - INFO - 获取到 stock_financial_abstract 的数据
2025-03-30 03:41:29,996 - AKToolsLog - INFO - 请输入正确的参数错误 '837344'，请升级 AKShare 到最新版本并在文档中确认该接口的使用方式：https://akshare.akfamily.xyz
2025-03-30 03:41:30,228 - AKToolsLog - INFO - 请输入正确的参数错误 'sdgd'，请升级 AKShare 到最新版本并在文档中确认该接口的使用方式：https://akshare.akfamily.xyz
2025-03-30 03:41:30,242 - AKToolsLog - INFO - 请输入正确的参数错误 'sdltgd'，请升级 AKShare 到最新版本并在文档中确认该接口的使用方式：https://akshare.akfamily.xyz
2025-03-30 03:41:32,764 - AKToolsLog - INFO - 请输入正确的参数错误 '837344'，请升级 AKShare 到最新版本并在文档中确认该接口的使用方式：https://akshare.akfamily.xyz
2025-03-30 03:41:32,794 - AKToolsLog - INFO - 请输入正确的参数错误 'sdltgd'，请升级 AKShare 到最新版本并在文档中确认该接口的使用方式：https://akshare.akfamily.xyz
2025-03-30 03:41:32,795 - AKToolsLog - INFO - 请输入正确的参数错误 'sdgd'，请升级 AKShare 到最新版本并在文档中确认该接口的使用方式：https://akshare.akfamily.xyz
2025-03-30 03:41:38,406 - AKToolsLog - INFO - 获取到 stock_zh_a_hist 的数据
2025-03-30 03:41:38,582 - AKToolsLog - INFO - 获取到 stock_individual_info_em 的数据
2025-03-30 03:41:39,218 - AKToolsLog - INFO - 获取到 stock_zh_a_spot_em 的数据
2025-03-30 03:41:42,268 - AKToolsLog - INFO - 获取到 stock_hsgt_stock_statistics_em 的数据
2025-03-30 03:42:54,847 - AKToolsLog - INFO - 获取到 stock_zh_a_hist 的数据
2025-03-30 03:42:54,989 - AKToolsLog - INFO - 获取到 stock_individual_info_em 的数据
2025-03-30 03:42:55,668 - AKToolsLog - INFO - 获取到 stock_zh_a_spot_em 的数据
2025-03-30 03:44:10,798 - AKToolsLog - INFO - 获取到 stock_hsgt_stock_statistics_em 的数据
2025-03-30 03:44:11,332 - AKToolsLog - INFO - 获取到 stock_financial_analysis_indicator 的数据
2025-03-30 03:44:11,381 - AKToolsLog - INFO - 获取到 stock_financial_abstract 的数据
2025-03-30 03:44:11,410 - AKToolsLog - INFO - 请输入正确的参数错误 'zygcfx'，请升级 AKShare 到最新版本并在文档中确认该接口的使用方式：https://akshare.akfamily.xyz
2025-03-30 03:44:14,524 - AKToolsLog - INFO - 获取到 stock_news_em 的数据
2025-03-30 03:44:38,566 - AKToolsLog - INFO - 请输入正确的参数错误 '920029'，请升级 AKShare 到最新版本并在文档中确认该接口的使用方式：https://akshare.akfamily.xyz
2025-03-30 03:44:38,784 - AKToolsLog - INFO - 请输入正确的参数错误 'sdltgd'，请升级 AKShare 到最新版本并在文档中确认该接口的使用方式：https://akshare.akfamily.xyz
2025-03-30 03:44:38,785 - AKToolsLog - INFO - 请输入正确的参数错误 'sdgd'，请升级 AKShare 到最新版本并在文档中确认该接口的使用方式：https://akshare.akfamily.xyz
2025-03-30 03:44:39,289 - AKToolsLog - INFO - 请输入正确的参数错误 '920029'，请升级 AKShare 到最新版本并在文档中确认该接口的使用方式：https://akshare.akfamily.xyz
2025-03-30 03:44:39,353 - AKToolsLog - INFO - 请输入正确的参数错误 'sdgd'，请升级 AKShare 到最新版本并在文档中确认该接口的使用方式：https://akshare.akfamily.xyz
2025-03-30 03:44:39,356 - AKToolsLog - INFO - 请输入正确的参数错误 'sdltgd'，请升级 AKShare 到最新版本并在文档中确认该接口的使用方式：https://akshare.akfamily.xyz
2025-03-30 03:44:39,503 - AKToolsLog - INFO - 请输入正确的参数错误 '920029'，请升级 AKShare 到最新版本并在文档中确认该接口的使用方式：https://akshare.akfamily.xyz
2025-03-30 03:44:39,539 - AKToolsLog - INFO - 请输入正确的参数错误 'sdgd'，请升级 AKShare 到最新版本并在文档中确认该接口的使用方式：https://akshare.akfamily.xyz
2025-03-30 03:44:39,539 - AKToolsLog - INFO - 请输入正确的参数错误 'sdltgd'，请升级 AKShare 到最新版本并在文档中确认该接口的使用方式：https://akshare.akfamily.xyz
2025-03-30 03:44:39,685 - AKToolsLog - INFO - 请输入正确的参数错误 '920029'，请升级 AKShare 到最新版本并在文档中确认该接口的使用方式：https://akshare.akfamily.xyz
2025-03-30 03:44:39,729 - AKToolsLog - INFO - 请输入正确的参数错误 'sdltgd'，请升级 AKShare 到最新版本并在文档中确认该接口的使用方式：https://akshare.akfamily.xyz
2025-03-30 03:44:39,730 - AKToolsLog - INFO - 请输入正确的参数错误 'sdgd'，请升级 AKShare 到最新版本并在文档中确认该接口的使用方式：https://akshare.akfamily.xyz
2025-03-30 03:45:35,051 - AKToolsLog - INFO - 获取到 stock_zh_a_gdhs 的数据
2025-03-30 03:45:39,018 - AKToolsLog - INFO - 获取到 stock_zh_a_gdhs 的数据
2025-03-30 03:48:04,260 - AKToolsLog - INFO - 获取到 stock_lhb_ggtj_sina 的数据
2025-03-30 03:48:41,645 - AKToolsLog - INFO - 获取到 stock_zh_a_gdhs 的数据
2025-03-30 03:48:48,107 - AKToolsLog - INFO - 获取到 stock_zh_a_gdhs 的数据
2025-03-30 03:48:54,590 - AKToolsLog - INFO - 获取到 stock_zh_a_gdhs 的数据
2025-03-30 03:49:01,146 - AKToolsLog - INFO - 获取到 stock_zh_a_gdhs 的数据
2025-03-30 03:49:07,547 - AKToolsLog - INFO - 获取到 stock_lhb_detail_daily_sina 的数据
2025-03-30 03:50:26,042 - AKToolsLog - INFO - 获取到 stock_main_stock_holder 的数据
2025-03-30 03:50:47,300 - AKToolsLog - INFO - 获取到 stock_zh_a_hist 的数据
2025-03-30 03:50:47,441 - AKToolsLog - INFO - 获取到 stock_individual_info_em 的数据
2025-03-30 03:50:48,058 - AKToolsLog - INFO - 获取到 stock_zh_a_spot_em 的数据
2025-03-30 03:52:04,944 - AKToolsLog - INFO - 获取到 stock_zh_a_hist 的数据
2025-03-30 03:52:05,131 - AKToolsLog - INFO - 获取到 stock_individual_info_em 的数据
2025-03-30 03:52:05,602 - AKToolsLog - INFO - 获取到 stock_zh_a_spot_em 的数据
2025-03-30 03:52:12,834 - AKToolsLog - INFO - 获取到 stock_zh_a_spot_em 的数据
2025-03-30 03:52:19,139 - AKToolsLog - INFO - 获取到 stock_zh_a_spot_em 的数据
2025-03-30 04:01:42,649 - AKToolsLog - INFO - 这是一个信息级别的日志消息
2025-03-30 04:01:46,209 - AKToolsLog - INFO - 获取到 stock_zh_a_spot_em 的数据
2025-03-30 04:09:27,498 - AKToolsLog - INFO - 这是一个信息级别的日志消息
2025-03-30 04:09:30,977 - AKToolsLog - INFO - 获取到 stock_zh_a_spot_em 的数据
2025-03-30 04:09:31,301 - AKToolsLog - INFO - 获取到 stock_zh_a_spot_em 的数据
2025-03-30 04:09:34,665 - AKToolsLog - INFO - 获取到 stock_zh_a_spot_em 的数据
2025-03-30 04:10:07,247 - AKToolsLog - INFO - 获取到 stock_zh_a_spot_em 的数据
2025-03-30 04:10:09,514 - AKToolsLog - INFO - 获取到 stock_zh_a_spot_em 的数据
2025-03-30 04:11:22,445 - AKToolsLog - INFO - 获取到 stock_zh_a_spot_em 的数据
2025-03-30 04:11:26,272 - AKToolsLog - INFO - 获取到 stock_zh_a_spot_em 的数据
2025-03-30 04:11:31,769 - AKToolsLog - INFO - 获取到 stock_zh_a_spot_em 的数据
2025-03-30 04:16:25,491 - AKToolsLog - INFO - 获取到 stock_zh_a_spot_em 的数据
2025-03-30 04:16:48,095 - AKToolsLog - INFO - 获取到 stock_zh_a_spot_em 的数据
2025-03-30 04:21:57,660 - AKToolsLog - INFO - 获取到 stock_zh_a_spot_em 的数据
2025-03-30 04:28:48,957 - AKToolsLog - INFO - 获取到 stock_zh_a_spot_em 的数据
2025-03-30 04:29:07,270 - AKToolsLog - INFO - 这是一个信息级别的日志消息
2025-03-30 04:29:10,678 - AKToolsLog - INFO - 获取到 stock_zh_a_spot_em 的数据
2025-03-30 04:29:17,750 - AKToolsLog - INFO - 获取到 stock_zh_a_spot_em 的数据
2025-03-30 04:30:34,776 - AKToolsLog - INFO - 这是一个信息级别的日志消息
2025-03-30 04:30:38,353 - AKToolsLog - INFO - 获取到 stock_zh_a_spot_em 的数据
2025-03-30 04:30:41,955 - AKToolsLog - INFO - 获取到 stock_zh_a_spot_em 的数据
2025-03-30 04:30:48,448 - AKToolsLog - INFO - 获取到 stock_zh_a_spot_em 的数据
2025-03-30 04:30:52,541 - AKToolsLog - INFO - 获取到 stock_zh_a_spot_em 的数据
2025-03-30 04:34:36,633 - AKToolsLog - INFO - 这是一个信息级别的日志消息
2025-03-30 04:34:40,132 - AKToolsLog - INFO - 获取到 stock_zh_a_spot_em 的数据
2025-03-30 04:35:16,701 - AKToolsLog - INFO - 获取到 stock_zh_a_spot_em 的数据
2025-03-30 04:35:19,784 - AKToolsLog - INFO - 获取到 stock_zh_a_spot_em 的数据
2025-03-30 04:35:20,224 - AKToolsLog - INFO - 获取到 stock_zh_a_spot_em 的数据
2025-03-30 04:35:20,377 - AKToolsLog - INFO - 获取到 stock_zh_a_spot_em 的数据
2025-03-30 04:35:20,701 - AKToolsLog - INFO - 获取到 stock_zh_a_spot_em 的数据
2025-03-30 04:35:20,847 - AKToolsLog - INFO - 获取到 stock_zh_a_spot_em 的数据
2025-03-30 04:40:24,228 - AKToolsLog - INFO - 这是一个信息级别的日志消息
2025-03-30 04:40:27,775 - AKToolsLog - INFO - 获取到 stock_zh_a_spot_em 的数据
2025-03-30 04:40:55,828 - AKToolsLog - INFO - 这是一个信息级别的日志消息
2025-03-30 04:40:59,762 - AKToolsLog - INFO - 获取到 stock_zh_a_spot_em 的数据
2025-03-30 04:41:03,600 - AKToolsLog - INFO - 获取到 stock_zh_a_hist 的数据
2025-03-30 04:41:14,480 - AKToolsLog - INFO - 获取到 stock_zh_a_hist 的数据
2025-03-30 04:41:34,816 - AKToolsLog - INFO - 获取到 stock_zh_a_spot_em 的数据
2025-03-30 04:41:49,307 - AKToolsLog - INFO - 获取到 stock_zh_a_hist 的数据
2025-03-30 04:42:10,786 - AKToolsLog - INFO - 获取到 stock_zh_a_hist 的数据
